CRITICAL - 2025-05-07 01:42:45 --> ErrorException: Undefined variable $bsse_url
[Method: GET, Route: pages/login]
in APPPATH\Views\pages\login.php on line 12.
 1 APPPATH\Views\pages\login.php(12): CodeIgniter\Debug\Exceptions->errorHandler(2, 'Undefined variable $bsse_url', 'C:\\xampp\\htdocs\\myWeb\\app\\Views\\pages\\login.php', 12)
 2 SYSTEMPATH\View\View.php(224): include('C:\\xampp\\htdocs\\myWeb\\app\\Views\\pages\\login.php')
 3 SYSTEMPATH\View\View.php(227): CodeIgniter\View\View->{closure:CodeIgniter\View\View::render():221}()
 4 SYSTEMPATH\Common.php(1173): CodeIgniter\View\View->render('pages/login', [], true)
 5 APPPATH\Controllers\Pages.php(28): view('pages/login')
 6 SYSTEMPATH\CodeIgniter.php(933): App\Controllers\Pages->getLogin()
 7 SYSTEMPATH\CodeIgniter.php(507): CodeIgniter\CodeIgniter->runController(Object(App\Controllers\Pages))
 8 SYSTEMPATH\CodeIgniter.php(354): CodeIgniter\CodeIgniter->handleRequest(null, Object(Config\Cache), false)
 9 SYSTEMPATH\Boot.php(334): CodeIgniter\CodeIgniter->run()
10 SYSTEMPATH\Boot.php(67): CodeIgniter\Boot::runCodeIgniter(Object(CodeIgniter\CodeIgniter))
11 FCPATH\index.php(56): CodeIgniter\Boot::bootWeb(Object(Config\Paths))
12 SYSTEMPATH\rewrite.php(44): require_once('C:\\xampp\\htdocs\\myWeb\\public\\index.php')
CRITICAL - 2025-05-07 01:42:54 --> ErrorException: Undefined variable $base_url
[Method: GET, Route: pages/login]
in APPPATH\Views\pages\login.php on line 12.
 1 APPPATH\Views\pages\login.php(12): CodeIgniter\Debug\Exceptions->errorHandler(2, 'Undefined variable $base_url', 'C:\\xampp\\htdocs\\myWeb\\app\\Views\\pages\\login.php', 12)
 2 SYSTEMPATH\View\View.php(224): include('C:\\xampp\\htdocs\\myWeb\\app\\Views\\pages\\login.php')
 3 SYSTEMPATH\View\View.php(227): CodeIgniter\View\View->{closure:CodeIgniter\View\View::render():221}()
 4 SYSTEMPATH\Common.php(1173): CodeIgniter\View\View->render('pages/login', [], true)
 5 APPPATH\Controllers\Pages.php(28): view('pages/login')
 6 SYSTEMPATH\CodeIgniter.php(933): App\Controllers\Pages->getLogin()
 7 SYSTEMPATH\CodeIgniter.php(507): CodeIgniter\CodeIgniter->runController(Object(App\Controllers\Pages))
 8 SYSTEMPATH\CodeIgniter.php(354): CodeIgniter\CodeIgniter->handleRequest(null, Object(Config\Cache), false)
 9 SYSTEMPATH\Boot.php(334): CodeIgniter\CodeIgniter->run()
10 SYSTEMPATH\Boot.php(67): CodeIgniter\Boot::runCodeIgniter(Object(CodeIgniter\CodeIgniter))
11 FCPATH\index.php(56): CodeIgniter\Boot::bootWeb(Object(Config\Paths))
12 SYSTEMPATH\rewrite.php(44): require_once('C:\\xampp\\htdocs\\myWeb\\public\\index.php')
CRITICAL - 2025-05-07 01:43:17 --> ErrorException: Undefined variable $base_url
[Method: GET, Route: pages/login]
in APPPATH\Views\pages\login.php on line 12.
 1 APPPATH\Views\pages\login.php(12): CodeIgniter\Debug\Exceptions->errorHandler(2, 'Undefined variable $base_url', 'C:\\xampp\\htdocs\\myWeb\\app\\Views\\pages\\login.php', 12)
 2 SYSTEMPATH\View\View.php(224): include('C:\\xampp\\htdocs\\myWeb\\app\\Views\\pages\\login.php')
 3 SYSTEMPATH\View\View.php(227): CodeIgniter\View\View->{closure:CodeIgniter\View\View::render():221}()
 4 SYSTEMPATH\Common.php(1173): CodeIgniter\View\View->render('pages/login', [], true)
 5 APPPATH\Controllers\Pages.php(28): view('pages/login')
 6 SYSTEMPATH\CodeIgniter.php(933): App\Controllers\Pages->getLogin()
 7 SYSTEMPATH\CodeIgniter.php(507): CodeIgniter\CodeIgniter->runController(Object(App\Controllers\Pages))
 8 SYSTEMPATH\CodeIgniter.php(354): CodeIgniter\CodeIgniter->handleRequest(null, Object(Config\Cache), false)
 9 SYSTEMPATH\Boot.php(334): CodeIgniter\CodeIgniter->run()
10 SYSTEMPATH\Boot.php(67): CodeIgniter\Boot::runCodeIgniter(Object(CodeIgniter\CodeIgniter))
11 FCPATH\index.php(56): CodeIgniter\Boot::bootWeb(Object(Config\Paths))
12 SYSTEMPATH\rewrite.php(44): require_once('C:\\xampp\\htdocs\\myWeb\\public\\index.php')
CRITICAL - 2025-05-07 01:44:29 --> ErrorException: Undefined variable $base_url
[Method: GET, Route: pages/login]
in APPPATH\Views\pages\login.php on line 12.
 1 APPPATH\Views\pages\login.php(12): CodeIgniter\Debug\Exceptions->errorHandler(2, 'Undefined variable $base_url', 'C:\\xampp\\htdocs\\myWeb\\app\\Views\\pages\\login.php', 12)
 2 SYSTEMPATH\View\View.php(224): include('C:\\xampp\\htdocs\\myWeb\\app\\Views\\pages\\login.php')
 3 SYSTEMPATH\View\View.php(227): CodeIgniter\View\View->{closure:CodeIgniter\View\View::render():221}()
 4 SYSTEMPATH\Common.php(1173): CodeIgniter\View\View->render('pages/login', [], true)
 5 APPPATH\Controllers\Pages.php(28): view('pages/login')
 6 SYSTEMPATH\CodeIgniter.php(933): App\Controllers\Pages->getLogin()
 7 SYSTEMPATH\CodeIgniter.php(507): CodeIgniter\CodeIgniter->runController(Object(App\Controllers\Pages))
 8 SYSTEMPATH\CodeIgniter.php(354): CodeIgniter\CodeIgniter->handleRequest(null, Object(Config\Cache), false)
 9 SYSTEMPATH\Boot.php(334): CodeIgniter\CodeIgniter->run()
10 SYSTEMPATH\Boot.php(67): CodeIgniter\Boot::runCodeIgniter(Object(CodeIgniter\CodeIgniter))
11 FCPATH\index.php(56): CodeIgniter\Boot::bootWeb(Object(Config\Paths))
12 SYSTEMPATH\rewrite.php(44): require_once('C:\\xampp\\htdocs\\myWeb\\public\\index.php')
CRITICAL - 2025-05-07 02:11:47 --> ErrorException: Undefined variable $head
[Method: GET, Route: /]
in APPPATH\Views\layouts\Template.php on line 11.
 1 APPPATH\Views\layouts\Template.php(11): CodeIgniter\Debug\Exceptions->errorHandler(2, 'Undefined variable $head', 'C:\\xampp\\htdocs\\myWeb\\app\\Views\\layouts\\Template.php', 11)
 2 SYSTEMPATH\View\View.php(224): include('C:\\xampp\\htdocs\\myWeb\\app\\Views\\layouts\\Template.php')
 3 SYSTEMPATH\View\View.php(227): CodeIgniter\View\View->{closure:CodeIgniter\View\View::render():221}()
 4 SYSTEMPATH\View\View.php(240): CodeIgniter\View\View->render('layouts/template', [], true)
 5 SYSTEMPATH\Common.php(1173): CodeIgniter\View\View->render('pages/home', [], true)
 6 APPPATH\Controllers\Home.php(13): view('pages/home', [...])
 7 SYSTEMPATH\CodeIgniter.php(933): App\Controllers\Home->getIndex()
 8 SYSTEMPATH\CodeIgniter.php(507): CodeIgniter\CodeIgniter->runController(Object(App\Controllers\Home))
 9 SYSTEMPATH\CodeIgniter.php(354): CodeIgniter\CodeIgniter->handleRequest(null, Object(Config\Cache), false)
10 SYSTEMPATH\Boot.php(334): CodeIgniter\CodeIgniter->run()
11 SYSTEMPATH\Boot.php(67): CodeIgniter\Boot::runCodeIgniter(Object(CodeIgniter\CodeIgniter))
12 FCPATH\index.php(56): CodeIgniter\Boot::bootWeb(Object(Config\Paths))
13 SYSTEMPATH\rewrite.php(44): require_once('C:\\xampp\\htdocs\\myWeb\\public\\index.php')
CRITICAL - 2025-05-07 02:12:13 --> ErrorException: Undefined variable $head
[Method: GET, Route: /]
in APPPATH\Views\layouts\Template.php on line 11.
 1 APPPATH\Views\layouts\Template.php(11): CodeIgniter\Debug\Exceptions->errorHandler(2, 'Undefined variable $head', 'C:\\xampp\\htdocs\\myWeb\\app\\Views\\layouts\\Template.php', 11)
 2 SYSTEMPATH\View\View.php(224): include('C:\\xampp\\htdocs\\myWeb\\app\\Views\\layouts\\Template.php')
 3 SYSTEMPATH\View\View.php(227): CodeIgniter\View\View->{closure:CodeIgniter\View\View::render():221}()
 4 SYSTEMPATH\View\View.php(240): CodeIgniter\View\View->render('layouts/template', [], true)
 5 SYSTEMPATH\Common.php(1173): CodeIgniter\View\View->render('pages/home', [], true)
 6 APPPATH\Controllers\Home.php(13): view('pages/home', [...])
 7 SYSTEMPATH\CodeIgniter.php(933): App\Controllers\Home->getIndex()
 8 SYSTEMPATH\CodeIgniter.php(507): CodeIgniter\CodeIgniter->runController(Object(App\Controllers\Home))
 9 SYSTEMPATH\CodeIgniter.php(354): CodeIgniter\CodeIgniter->handleRequest(null, Object(Config\Cache), false)
10 SYSTEMPATH\Boot.php(334): CodeIgniter\CodeIgniter->run()
11 SYSTEMPATH\Boot.php(67): CodeIgniter\Boot::runCodeIgniter(Object(CodeIgniter\CodeIgniter))
12 FCPATH\index.php(56): CodeIgniter\Boot::bootWeb(Object(Config\Paths))
13 SYSTEMPATH\rewrite.php(44): require_once('C:\\xampp\\htdocs\\myWeb\\public\\index.php')
CRITICAL - 2025-05-07 02:12:16 --> ErrorException: Undefined variable $head
[Method: GET, Route: /]
in APPPATH\Views\layouts\Template.php on line 11.
 1 APPPATH\Views\layouts\Template.php(11): CodeIgniter\Debug\Exceptions->errorHandler(2, 'Undefined variable $head', 'C:\\xampp\\htdocs\\myWeb\\app\\Views\\layouts\\Template.php', 11)
 2 SYSTEMPATH\View\View.php(224): include('C:\\xampp\\htdocs\\myWeb\\app\\Views\\layouts\\Template.php')
 3 SYSTEMPATH\View\View.php(227): CodeIgniter\View\View->{closure:CodeIgniter\View\View::render():221}()
 4 SYSTEMPATH\View\View.php(240): CodeIgniter\View\View->render('layouts/template', [], true)
 5 SYSTEMPATH\Common.php(1173): CodeIgniter\View\View->render('pages/home', [], true)
 6 APPPATH\Controllers\Home.php(13): view('pages/home', [...])
 7 SYSTEMPATH\CodeIgniter.php(933): App\Controllers\Home->getIndex()
 8 SYSTEMPATH\CodeIgniter.php(507): CodeIgniter\CodeIgniter->runController(Object(App\Controllers\Home))
 9 SYSTEMPATH\CodeIgniter.php(354): CodeIgniter\CodeIgniter->handleRequest(null, Object(Config\Cache), false)
10 SYSTEMPATH\Boot.php(334): CodeIgniter\CodeIgniter->run()
11 SYSTEMPATH\Boot.php(67): CodeIgniter\Boot::runCodeIgniter(Object(CodeIgniter\CodeIgniter))
12 FCPATH\index.php(56): CodeIgniter\Boot::bootWeb(Object(Config\Paths))
13 SYSTEMPATH\rewrite.php(44): require_once('C:\\xampp\\htdocs\\myWeb\\public\\index.php')
CRITICAL - 2025-05-07 02:17:25 --> ErrorException: Undefined variable $head
[Method: GET, Route: /]
in APPPATH\Views\layouts\Template.php on line 10.
 1 APPPATH\Views\layouts\Template.php(10): CodeIgniter\Debug\Exceptions->errorHandler(2, 'Undefined variable $head', 'C:\\xampp\\htdocs\\myWeb\\app\\Views\\layouts\\Template.php', 10)
 2 SYSTEMPATH\View\View.php(224): include('C:\\xampp\\htdocs\\myWeb\\app\\Views\\layouts\\Template.php')
 3 SYSTEMPATH\View\View.php(227): CodeIgniter\View\View->{closure:CodeIgniter\View\View::render():221}()
 4 SYSTEMPATH\View\View.php(240): CodeIgniter\View\View->render('layouts/template', [], true)
 5 SYSTEMPATH\Common.php(1173): CodeIgniter\View\View->render('pages/home', [], true)
 6 APPPATH\Controllers\Home.php(13): view('pages/home', [...])
 7 SYSTEMPATH\CodeIgniter.php(933): App\Controllers\Home->getIndex()
 8 SYSTEMPATH\CodeIgniter.php(507): CodeIgniter\CodeIgniter->runController(Object(App\Controllers\Home))
 9 SYSTEMPATH\CodeIgniter.php(354): CodeIgniter\CodeIgniter->handleRequest(null, Object(Config\Cache), false)
10 SYSTEMPATH\Boot.php(334): CodeIgniter\CodeIgniter->run()
11 SYSTEMPATH\Boot.php(67): CodeIgniter\Boot::runCodeIgniter(Object(CodeIgniter\CodeIgniter))
12 FCPATH\index.php(56): CodeIgniter\Boot::bootWeb(Object(Config\Paths))
13 SYSTEMPATH\rewrite.php(44): require_once('C:\\xampp\\htdocs\\myWeb\\public\\index.php')
CRITICAL - 2025-05-07 02:17:56 --> ErrorException: Undefined variable $head
[Method: GET, Route: /]
in APPPATH\Views\layouts\Template.php on line 10.
 1 APPPATH\Views\layouts\Template.php(10): CodeIgniter\Debug\Exceptions->errorHandler(2, 'Undefined variable $head', 'C:\\xampp\\htdocs\\myWeb\\app\\Views\\layouts\\Template.php', 10)
 2 SYSTEMPATH\View\View.php(224): include('C:\\xampp\\htdocs\\myWeb\\app\\Views\\layouts\\Template.php')
 3 SYSTEMPATH\View\View.php(227): CodeIgniter\View\View->{closure:CodeIgniter\View\View::render():221}()
 4 SYSTEMPATH\View\View.php(240): CodeIgniter\View\View->render('layouts/template', [], true)
 5 SYSTEMPATH\Common.php(1173): CodeIgniter\View\View->render('pages/home', [], true)
 6 APPPATH\Controllers\Home.php(13): view('pages/home', [...])
 7 SYSTEMPATH\CodeIgniter.php(933): App\Controllers\Home->getIndex()
 8 SYSTEMPATH\CodeIgniter.php(507): CodeIgniter\CodeIgniter->runController(Object(App\Controllers\Home))
 9 SYSTEMPATH\CodeIgniter.php(354): CodeIgniter\CodeIgniter->handleRequest(null, Object(Config\Cache), false)
10 SYSTEMPATH\Boot.php(334): CodeIgniter\CodeIgniter->run()
11 SYSTEMPATH\Boot.php(67): CodeIgniter\Boot::runCodeIgniter(Object(CodeIgniter\CodeIgniter))
12 FCPATH\index.php(56): CodeIgniter\Boot::bootWeb(Object(Config\Paths))
13 SYSTEMPATH\rewrite.php(44): require_once('C:\\xampp\\htdocs\\myWeb\\public\\index.php')
CRITICAL - 2025-05-07 02:21:37 --> ErrorException: Undefined variable $head
[Method: GET, Route: /]
in APPPATH\Views\layouts\Template.php on line 10.
 1 APPPATH\Views\layouts\Template.php(10): CodeIgniter\Debug\Exceptions->errorHandler(2, 'Undefined variable $head', 'C:\\xampp\\htdocs\\myWeb\\app\\Views\\layouts\\Template.php', 10)
 2 SYSTEMPATH\View\View.php(224): include('C:\\xampp\\htdocs\\myWeb\\app\\Views\\layouts\\Template.php')
 3 SYSTEMPATH\View\View.php(227): CodeIgniter\View\View->{closure:CodeIgniter\View\View::render():221}()
 4 SYSTEMPATH\View\View.php(240): CodeIgniter\View\View->render('layouts/template', [], true)
 5 SYSTEMPATH\Common.php(1173): CodeIgniter\View\View->render('pages/home', [], true)
 6 APPPATH\Controllers\Home.php(13): view('pages/home', [...])
 7 SYSTEMPATH\CodeIgniter.php(933): App\Controllers\Home->getIndex()
 8 SYSTEMPATH\CodeIgniter.php(507): CodeIgniter\CodeIgniter->runController(Object(App\Controllers\Home))
 9 SYSTEMPATH\CodeIgniter.php(354): CodeIgniter\CodeIgniter->handleRequest(null, Object(Config\Cache), false)
10 SYSTEMPATH\Boot.php(334): CodeIgniter\CodeIgniter->run()
11 SYSTEMPATH\Boot.php(67): CodeIgniter\Boot::runCodeIgniter(Object(CodeIgniter\CodeIgniter))
12 FCPATH\index.php(56): CodeIgniter\Boot::bootWeb(Object(Config\Paths))
13 SYSTEMPATH\rewrite.php(44): require_once('C:\\xampp\\htdocs\\myWeb\\public\\index.php')
CRITICAL - 2025-05-07 02:22:32 --> ErrorException: Undefined variable $head
[Method: GET, Route: /]
in APPPATH\Views\layouts\Template.php on line 10.
 1 APPPATH\Views\layouts\Template.php(10): CodeIgniter\Debug\Exceptions->errorHandler(2, 'Undefined variable $head', 'C:\\xampp\\htdocs\\myWeb\\app\\Views\\layouts\\Template.php', 10)
 2 SYSTEMPATH\View\View.php(224): include('C:\\xampp\\htdocs\\myWeb\\app\\Views\\layouts\\Template.php')
 3 SYSTEMPATH\View\View.php(227): CodeIgniter\View\View->{closure:CodeIgniter\View\View::render():221}()
 4 SYSTEMPATH\View\View.php(240): CodeIgniter\View\View->render('layouts/template', [], true)
 5 SYSTEMPATH\Common.php(1173): CodeIgniter\View\View->render('pages/home', [], true)
 6 APPPATH\Controllers\Home.php(13): view('pages/home', [...])
 7 SYSTEMPATH\CodeIgniter.php(933): App\Controllers\Home->getIndex()
 8 SYSTEMPATH\CodeIgniter.php(507): CodeIgniter\CodeIgniter->runController(Object(App\Controllers\Home))
 9 SYSTEMPATH\CodeIgniter.php(354): CodeIgniter\CodeIgniter->handleRequest(null, Object(Config\Cache), false)
10 SYSTEMPATH\Boot.php(334): CodeIgniter\CodeIgniter->run()
11 SYSTEMPATH\Boot.php(67): CodeIgniter\Boot::runCodeIgniter(Object(CodeIgniter\CodeIgniter))
12 FCPATH\index.php(56): CodeIgniter\Boot::bootWeb(Object(Config\Paths))
13 SYSTEMPATH\rewrite.php(44): require_once('C:\\xampp\\htdocs\\myWeb\\public\\index.php')
CRITICAL - 2025-05-07 02:29:13 --> ErrorException: Undefined variable $pageinfo
[Method: GET, Route: pages/login]
in APPPATH\Views\layouts\Header.php on line 4.
 1 APPPATH\Views\layouts\Header.php(4): CodeIgniter\Debug\Exceptions->errorHandler(2, 'Undefined variable $pageinfo', 'C:\\xampp\\htdocs\\myWeb\\app\\Views\\layouts\\Header.php', 4)
 2 SYSTEMPATH\View\View.php(224): include('C:\\xampp\\htdocs\\myWeb\\app\\Views\\layouts\\Header.php')
 3 SYSTEMPATH\View\View.php(227): CodeIgniter\View\View->{closure:CodeIgniter\View\View::render():221}()
 4 SYSTEMPATH\View\View.php(475): CodeIgniter\View\View->render('layouts/header', null, true)
 5 APPPATH\Views\layouts\Template.php(17): CodeIgniter\View\View->include('layouts/header')
 6 SYSTEMPATH\View\View.php(224): include('C:\\xampp\\htdocs\\myWeb\\app\\Views\\layouts\\Template.php')
 7 SYSTEMPATH\View\View.php(227): CodeIgniter\View\View->{closure:CodeIgniter\View\View::render():221}()
 8 SYSTEMPATH\View\View.php(240): CodeIgniter\View\View->render('layouts/template', [], true)
 9 SYSTEMPATH\Common.php(1173): CodeIgniter\View\View->render('pages/login', [], true)
10 APPPATH\Controllers\Pages.php(34): view('pages/login', [...])
11 SYSTEMPATH\CodeIgniter.php(933): App\Controllers\Pages->getLogin()
12 SYSTEMPATH\CodeIgniter.php(507): CodeIgniter\CodeIgniter->runController(Object(App\Controllers\Pages))
13 SYSTEMPATH\CodeIgniter.php(354): CodeIgniter\CodeIgniter->handleRequest(null, Object(Config\Cache), false)
14 SYSTEMPATH\Boot.php(334): CodeIgniter\CodeIgniter->run()
15 SYSTEMPATH\Boot.php(67): CodeIgniter\Boot::runCodeIgniter(Object(CodeIgniter\CodeIgniter))
16 FCPATH\index.php(56): CodeIgniter\Boot::bootWeb(Object(Config\Paths))
17 SYSTEMPATH\rewrite.php(44): require_once('C:\\xampp\\htdocs\\myWeb\\public\\index.php')
