ERROR - 2025-05-26 04:40:53 --> mysqli_sql_exception: You have an error in your SQL syntax; check the manual that corresponds to your MariaDB server version for the right syntax to use near 'LIKE '%adryan%' ESCAPE '!'
OR  `id` LIKE '%adryan%' ESCAPE '!'
OR  `nama` LIK...' at line 4 in C:\xampp\htdocs\myWeb\system\Database\MySQLi\Connection.php:327
Stack trace:
#0 C:\xampp\htdocs\myWeb\system\Database\MySQLi\Connection.php(327): mysqli->query('SELECT COUNT(*)...', 0)
#1 C:\xampp\htdocs\myWeb\system\Database\BaseConnection.php(738): CodeIgniter\Database\MySQLi\Connection->execute('SELECT COUNT(*)...')
#2 C:\xampp\htdocs\myWeb\system\Database\BaseConnection.php(652): CodeIgniter\Database\BaseConnection->simpleQuery('SELECT COUNT(*)...')
#3 C:\xampp\htdocs\myWeb\system\Database\BaseBuilder.php(1733): CodeIgniter\Database\BaseConnection->query('SELECT COUNT(*)...', Array, false)
#4 C:\xampp\htdocs\myWeb\app\ThirdParty\codeigniter4-datatables\src\DataTableQuery.php(67): CodeIgniter\Database\BaseBuilder->countAllResults()
#5 C:\xampp\htdocs\myWeb\app\ThirdParty\codeigniter4-datatables\src\DataTable.php(186): Hermawan\DataTables\DataTableQuery->countFiltered()
#6 C:\xampp\htdocs\myWeb\app\Controllers\Dashboard.php(30): Hermawan\DataTables\DataTable->toJson(true)
#7 C:\xampp\htdocs\myWeb\system\CodeIgniter.php(933): App\Controllers\Dashboard->getDatatable()
#8 C:\xampp\htdocs\myWeb\system\CodeIgniter.php(507): CodeIgniter\CodeIgniter->runController(Object(App\Controllers\Dashboard))
#9 C:\xampp\htdocs\myWeb\system\CodeIgniter.php(354): CodeIgniter\CodeIgniter->handleRequest(NULL, Object(Config\Cache), false)
#10 C:\xampp\htdocs\myWeb\system\Boot.php(334): CodeIgniter\CodeIgniter->run()
#11 C:\xampp\htdocs\myWeb\system\Boot.php(67): CodeIgniter\Boot::runCodeIgniter(Object(CodeIgniter\CodeIgniter))
#12 C:\xampp\htdocs\myWeb\public\index.php(56): CodeIgniter\Boot::bootWeb(Object(Config\Paths))
#13 C:\xampp\htdocs\myWeb\system\rewrite.php(44): require_once('C:\\xampp\\htdocs...')
#14 {main}
CRITICAL - 2025-05-26 04:40:53 --> CodeIgniter\Database\Exceptions\DatabaseException: You have an error in your SQL syntax; check the manual that corresponds to your MariaDB server version for the right syntax to use near 'LIKE '%adryan%' ESCAPE '!'
OR  `id` LIKE '%adryan%' ESCAPE '!'
OR  `nama` LIK...' at line 4
[Method: GET, Route: dashboard/datatable]
in SYSTEMPATH\Database\BaseConnection.php on line 692.
 1 SYSTEMPATH\Database\BaseBuilder.php(1733): CodeIgniter\Database\BaseConnection->query('SELECT COUNT(*) AS `numrows`
FROM `users`
WHERE   (
 LIKE :: ESCAPE \'!\'
OR  `id` LIKE :id: ESCAPE \'!\'
OR  `nama` LIKE :nama: ESCAPE \'!\'
OR  `username` LIKE :username: ESCAPE \'!\'
 )', [...], false)
 2 APPPATH\ThirdParty\codeigniter4-datatables\src\DataTableQuery.php(67): CodeIgniter\Database\BaseBuilder->countAllResults()
 3 APPPATH\ThirdParty\codeigniter4-datatables\src\DataTable.php(186): Hermawan\DataTables\DataTableQuery->countFiltered()
 4 APPPATH\Controllers\Dashboard.php(30): Hermawan\DataTables\DataTable->toJson(true)
 5 SYSTEMPATH\CodeIgniter.php(933): App\Controllers\Dashboard->getDatatable()
 6 SYSTEMPATH\CodeIgniter.php(507): CodeIgniter\CodeIgniter->runController(Object(App\Controllers\Dashboard))
 7 SYSTEMPATH\CodeIgniter.php(354): CodeIgniter\CodeIgniter->handleRequest(null, Object(Config\Cache), false)
 8 SYSTEMPATH\Boot.php(334): CodeIgniter\CodeIgniter->run()
 9 SYSTEMPATH\Boot.php(67): CodeIgniter\Boot::runCodeIgniter(Object(CodeIgniter\CodeIgniter))
10 FCPATH\index.php(56): CodeIgniter\Boot::bootWeb(Object(Config\Paths))
11 SYSTEMPATH\rewrite.php(44): require_once('C:\\xampp\\htdocs\\myWeb\\public\\index.php')
CRITICAL - 2025-05-26 04:40:53 --> [Caused by] CodeIgniter\Database\Exceptions\DatabaseException: You have an error in your SQL syntax; check the manual that corresponds to your MariaDB server version for the right syntax to use near 'LIKE '%adryan%' ESCAPE '!'
OR  `id` LIKE '%adryan%' ESCAPE '!'
OR  `nama` LIK...' at line 4
in SYSTEMPATH\Database\MySQLi\Connection.php on line 332.
 1 SYSTEMPATH\Database\BaseConnection.php(738): CodeIgniter\Database\MySQLi\Connection->execute('SELECT COUNT(*) AS `numrows`
FROM `users`
WHERE   (
 LIKE \'%adryan%\' ESCAPE \'!\'
OR  `id` LIKE \'%adryan%\' ESCAPE \'!\'
OR  `nama` LIKE \'%adryan%\' ESCAPE \'!\'
OR  `username` LIKE \'%adryan%\' ESCAPE \'!\'
 )')
 2 SYSTEMPATH\Database\BaseConnection.php(652): CodeIgniter\Database\BaseConnection->simpleQuery('SELECT COUNT(*) AS `numrows`
FROM `users`
WHERE   (
 LIKE \'%adryan%\' ESCAPE \'!\'
OR  `id` LIKE \'%adryan%\' ESCAPE \'!\'
OR  `nama` LIKE \'%adryan%\' ESCAPE \'!\'
OR  `username` LIKE \'%adryan%\' ESCAPE \'!\'
 )')
 3 SYSTEMPATH\Database\BaseBuilder.php(1733): CodeIgniter\Database\BaseConnection->query('SELECT COUNT(*) AS `numrows`
FROM `users`
WHERE   (
 LIKE :: ESCAPE \'!\'
OR  `id` LIKE :id: ESCAPE \'!\'
OR  `nama` LIKE :nama: ESCAPE \'!\'
OR  `username` LIKE :username: ESCAPE \'!\'
 )', [...], false)
 4 APPPATH\ThirdParty\codeigniter4-datatables\src\DataTableQuery.php(67): CodeIgniter\Database\BaseBuilder->countAllResults()
 5 APPPATH\ThirdParty\codeigniter4-datatables\src\DataTable.php(186): Hermawan\DataTables\DataTableQuery->countFiltered()
 6 APPPATH\Controllers\Dashboard.php(30): Hermawan\DataTables\DataTable->toJson(true)
 7 SYSTEMPATH\CodeIgniter.php(933): App\Controllers\Dashboard->getDatatable()
 8 SYSTEMPATH\CodeIgniter.php(507): CodeIgniter\CodeIgniter->runController(Object(App\Controllers\Dashboard))
 9 SYSTEMPATH\CodeIgniter.php(354): CodeIgniter\CodeIgniter->handleRequest(null, Object(Config\Cache), false)
10 SYSTEMPATH\Boot.php(334): CodeIgniter\CodeIgniter->run()
11 SYSTEMPATH\Boot.php(67): CodeIgniter\Boot::runCodeIgniter(Object(CodeIgniter\CodeIgniter))
12 FCPATH\index.php(56): CodeIgniter\Boot::bootWeb(Object(Config\Paths))
13 SYSTEMPATH\rewrite.php(44): require_once('C:\\xampp\\htdocs\\myWeb\\public\\index.php')
CRITICAL - 2025-05-26 04:40:53 --> [Caused by] mysqli_sql_exception: You have an error in your SQL syntax; check the manual that corresponds to your MariaDB server version for the right syntax to use near 'LIKE '%adryan%' ESCAPE '!'
OR  `id` LIKE '%adryan%' ESCAPE '!'
OR  `nama` LIK...' at line 4
in SYSTEMPATH\Database\MySQLi\Connection.php on line 327.
 1 SYSTEMPATH\Database\MySQLi\Connection.php(327): mysqli->query('SELECT COUNT(*) AS `numrows`
FROM `users`
WHERE   (
 LIKE \'%adryan%\' ESCAPE \'!\'
OR  `id` LIKE \'%adryan%\' ESCAPE \'!\'
OR  `nama` LIKE \'%adryan%\' ESCAPE \'!\'
OR  `username` LIKE \'%adryan%\' ESCAPE \'!\'
 )', 0)
 2 SYSTEMPATH\Database\BaseConnection.php(738): CodeIgniter\Database\MySQLi\Connection->execute('SELECT COUNT(*) AS `numrows`
FROM `users`
WHERE   (
 LIKE \'%adryan%\' ESCAPE \'!\'
OR  `id` LIKE \'%adryan%\' ESCAPE \'!\'
OR  `nama` LIKE \'%adryan%\' ESCAPE \'!\'
OR  `username` LIKE \'%adryan%\' ESCAPE \'!\'
 )')
 3 SYSTEMPATH\Database\BaseConnection.php(652): CodeIgniter\Database\BaseConnection->simpleQuery('SELECT COUNT(*) AS `numrows`
FROM `users`
WHERE   (
 LIKE \'%adryan%\' ESCAPE \'!\'
OR  `id` LIKE \'%adryan%\' ESCAPE \'!\'
OR  `nama` LIKE \'%adryan%\' ESCAPE \'!\'
OR  `username` LIKE \'%adryan%\' ESCAPE \'!\'
 )')
 4 SYSTEMPATH\Database\BaseBuilder.php(1733): CodeIgniter\Database\BaseConnection->query('SELECT COUNT(*) AS `numrows`
FROM `users`
WHERE   (
 LIKE :: ESCAPE \'!\'
OR  `id` LIKE :id: ESCAPE \'!\'
OR  `nama` LIKE :nama: ESCAPE \'!\'
OR  `username` LIKE :username: ESCAPE \'!\'
 )', [...], false)
 5 APPPATH\ThirdParty\codeigniter4-datatables\src\DataTableQuery.php(67): CodeIgniter\Database\BaseBuilder->countAllResults()
 6 APPPATH\ThirdParty\codeigniter4-datatables\src\DataTable.php(186): Hermawan\DataTables\DataTableQuery->countFiltered()
 7 APPPATH\Controllers\Dashboard.php(30): Hermawan\DataTables\DataTable->toJson(true)
 8 SYSTEMPATH\CodeIgniter.php(933): App\Controllers\Dashboard->getDatatable()
 9 SYSTEMPATH\CodeIgniter.php(507): CodeIgniter\CodeIgniter->runController(Object(App\Controllers\Dashboard))
10 SYSTEMPATH\CodeIgniter.php(354): CodeIgniter\CodeIgniter->handleRequest(null, Object(Config\Cache), false)
11 SYSTEMPATH\Boot.php(334): CodeIgniter\CodeIgniter->run()
12 SYSTEMPATH\Boot.php(67): CodeIgniter\Boot::runCodeIgniter(Object(CodeIgniter\CodeIgniter))
13 FCPATH\index.php(56): CodeIgniter\Boot::bootWeb(Object(Config\Paths))
14 SYSTEMPATH\rewrite.php(44): require_once('C:\\xampp\\htdocs\\myWeb\\public\\index.php')
ERROR - 2025-05-26 05:13:04 --> mysqli_sql_exception: You have an error in your SQL syntax; check the manual that corresponds to your MariaDB server version for the right syntax to use near 'LIKE '%2%' ESCAPE '!'
OR  `id` LIKE '%2%' ESCAPE '!'
OR  `nama` LIKE '%2%' ES...' at line 4 in C:\xampp\htdocs\myWeb\system\Database\MySQLi\Connection.php:327
Stack trace:
#0 C:\xampp\htdocs\myWeb\system\Database\MySQLi\Connection.php(327): mysqli->query('SELECT COUNT(*)...', 0)
#1 C:\xampp\htdocs\myWeb\system\Database\BaseConnection.php(738): CodeIgniter\Database\MySQLi\Connection->execute('SELECT COUNT(*)...')
#2 C:\xampp\htdocs\myWeb\system\Database\BaseConnection.php(652): CodeIgniter\Database\BaseConnection->simpleQuery('SELECT COUNT(*)...')
#3 C:\xampp\htdocs\myWeb\system\Database\BaseBuilder.php(1733): CodeIgniter\Database\BaseConnection->query('SELECT COUNT(*)...', Array, false)
#4 C:\xampp\htdocs\myWeb\app\ThirdParty\codeigniter4-datatables\src\DataTableQuery.php(67): CodeIgniter\Database\BaseBuilder->countAllResults()
#5 C:\xampp\htdocs\myWeb\app\ThirdParty\codeigniter4-datatables\src\DataTable.php(186): Hermawan\DataTables\DataTableQuery->countFiltered()
#6 C:\xampp\htdocs\myWeb\app\Controllers\Dashboard.php(30): Hermawan\DataTables\DataTable->toJson(true)
#7 C:\xampp\htdocs\myWeb\system\CodeIgniter.php(933): App\Controllers\Dashboard->getDatatable()
#8 C:\xampp\htdocs\myWeb\system\CodeIgniter.php(507): CodeIgniter\CodeIgniter->runController(Object(App\Controllers\Dashboard))
#9 C:\xampp\htdocs\myWeb\system\CodeIgniter.php(354): CodeIgniter\CodeIgniter->handleRequest(NULL, Object(Config\Cache), false)
#10 C:\xampp\htdocs\myWeb\system\Boot.php(334): CodeIgniter\CodeIgniter->run()
#11 C:\xampp\htdocs\myWeb\system\Boot.php(67): CodeIgniter\Boot::runCodeIgniter(Object(CodeIgniter\CodeIgniter))
#12 C:\xampp\htdocs\myWeb\public\index.php(56): CodeIgniter\Boot::bootWeb(Object(Config\Paths))
#13 C:\xampp\htdocs\myWeb\system\rewrite.php(44): require_once('C:\\xampp\\htdocs...')
#14 {main}
CRITICAL - 2025-05-26 05:13:04 --> CodeIgniter\Database\Exceptions\DatabaseException: You have an error in your SQL syntax; check the manual that corresponds to your MariaDB server version for the right syntax to use near 'LIKE '%2%' ESCAPE '!'
OR  `id` LIKE '%2%' ESCAPE '!'
OR  `nama` LIKE '%2%' ES...' at line 4
[Method: GET, Route: dashboard/datatable]
in SYSTEMPATH\Database\BaseConnection.php on line 692.
 1 SYSTEMPATH\Database\BaseBuilder.php(1733): CodeIgniter\Database\BaseConnection->query('SELECT COUNT(*) AS `numrows`
FROM `users`
WHERE   (
 LIKE :: ESCAPE \'!\'
OR  `id` LIKE :id: ESCAPE \'!\'
OR  `nama` LIKE :nama: ESCAPE \'!\'
OR  `username` LIKE :username: ESCAPE \'!\'
 )', [...], false)
 2 APPPATH\ThirdParty\codeigniter4-datatables\src\DataTableQuery.php(67): CodeIgniter\Database\BaseBuilder->countAllResults()
 3 APPPATH\ThirdParty\codeigniter4-datatables\src\DataTable.php(186): Hermawan\DataTables\DataTableQuery->countFiltered()
 4 APPPATH\Controllers\Dashboard.php(30): Hermawan\DataTables\DataTable->toJson(true)
 5 SYSTEMPATH\CodeIgniter.php(933): App\Controllers\Dashboard->getDatatable()
 6 SYSTEMPATH\CodeIgniter.php(507): CodeIgniter\CodeIgniter->runController(Object(App\Controllers\Dashboard))
 7 SYSTEMPATH\CodeIgniter.php(354): CodeIgniter\CodeIgniter->handleRequest(null, Object(Config\Cache), false)
 8 SYSTEMPATH\Boot.php(334): CodeIgniter\CodeIgniter->run()
 9 SYSTEMPATH\Boot.php(67): CodeIgniter\Boot::runCodeIgniter(Object(CodeIgniter\CodeIgniter))
10 FCPATH\index.php(56): CodeIgniter\Boot::bootWeb(Object(Config\Paths))
11 SYSTEMPATH\rewrite.php(44): require_once('C:\\xampp\\htdocs\\myWeb\\public\\index.php')
CRITICAL - 2025-05-26 05:13:04 --> [Caused by] CodeIgniter\Database\Exceptions\DatabaseException: You have an error in your SQL syntax; check the manual that corresponds to your MariaDB server version for the right syntax to use near 'LIKE '%2%' ESCAPE '!'
OR  `id` LIKE '%2%' ESCAPE '!'
OR  `nama` LIKE '%2%' ES...' at line 4
in SYSTEMPATH\Database\MySQLi\Connection.php on line 332.
 1 SYSTEMPATH\Database\BaseConnection.php(738): CodeIgniter\Database\MySQLi\Connection->execute('SELECT COUNT(*) AS `numrows`
FROM `users`
WHERE   (
 LIKE \'%2%\' ESCAPE \'!\'
OR  `id` LIKE \'%2%\' ESCAPE \'!\'
OR  `nama` LIKE \'%2%\' ESCAPE \'!\'
OR  `username` LIKE \'%2%\' ESCAPE \'!\'
 )')
 2 SYSTEMPATH\Database\BaseConnection.php(652): CodeIgniter\Database\BaseConnection->simpleQuery('SELECT COUNT(*) AS `numrows`
FROM `users`
WHERE   (
 LIKE \'%2%\' ESCAPE \'!\'
OR  `id` LIKE \'%2%\' ESCAPE \'!\'
OR  `nama` LIKE \'%2%\' ESCAPE \'!\'
OR  `username` LIKE \'%2%\' ESCAPE \'!\'
 )')
 3 SYSTEMPATH\Database\BaseBuilder.php(1733): CodeIgniter\Database\BaseConnection->query('SELECT COUNT(*) AS `numrows`
FROM `users`
WHERE   (
 LIKE :: ESCAPE \'!\'
OR  `id` LIKE :id: ESCAPE \'!\'
OR  `nama` LIKE :nama: ESCAPE \'!\'
OR  `username` LIKE :username: ESCAPE \'!\'
 )', [...], false)
 4 APPPATH\ThirdParty\codeigniter4-datatables\src\DataTableQuery.php(67): CodeIgniter\Database\BaseBuilder->countAllResults()
 5 APPPATH\ThirdParty\codeigniter4-datatables\src\DataTable.php(186): Hermawan\DataTables\DataTableQuery->countFiltered()
 6 APPPATH\Controllers\Dashboard.php(30): Hermawan\DataTables\DataTable->toJson(true)
 7 SYSTEMPATH\CodeIgniter.php(933): App\Controllers\Dashboard->getDatatable()
 8 SYSTEMPATH\CodeIgniter.php(507): CodeIgniter\CodeIgniter->runController(Object(App\Controllers\Dashboard))
 9 SYSTEMPATH\CodeIgniter.php(354): CodeIgniter\CodeIgniter->handleRequest(null, Object(Config\Cache), false)
10 SYSTEMPATH\Boot.php(334): CodeIgniter\CodeIgniter->run()
11 SYSTEMPATH\Boot.php(67): CodeIgniter\Boot::runCodeIgniter(Object(CodeIgniter\CodeIgniter))
12 FCPATH\index.php(56): CodeIgniter\Boot::bootWeb(Object(Config\Paths))
13 SYSTEMPATH\rewrite.php(44): require_once('C:\\xampp\\htdocs\\myWeb\\public\\index.php')
CRITICAL - 2025-05-26 05:13:04 --> [Caused by] mysqli_sql_exception: You have an error in your SQL syntax; check the manual that corresponds to your MariaDB server version for the right syntax to use near 'LIKE '%2%' ESCAPE '!'
OR  `id` LIKE '%2%' ESCAPE '!'
OR  `nama` LIKE '%2%' ES...' at line 4
in SYSTEMPATH\Database\MySQLi\Connection.php on line 327.
 1 SYSTEMPATH\Database\MySQLi\Connection.php(327): mysqli->query('SELECT COUNT(*) AS `numrows`
FROM `users`
WHERE   (
 LIKE \'%2%\' ESCAPE \'!\'
OR  `id` LIKE \'%2%\' ESCAPE \'!\'
OR  `nama` LIKE \'%2%\' ESCAPE \'!\'
OR  `username` LIKE \'%2%\' ESCAPE \'!\'
 )', 0)
 2 SYSTEMPATH\Database\BaseConnection.php(738): CodeIgniter\Database\MySQLi\Connection->execute('SELECT COUNT(*) AS `numrows`
FROM `users`
WHERE   (
 LIKE \'%2%\' ESCAPE \'!\'
OR  `id` LIKE \'%2%\' ESCAPE \'!\'
OR  `nama` LIKE \'%2%\' ESCAPE \'!\'
OR  `username` LIKE \'%2%\' ESCAPE \'!\'
 )')
 3 SYSTEMPATH\Database\BaseConnection.php(652): CodeIgniter\Database\BaseConnection->simpleQuery('SELECT COUNT(*) AS `numrows`
FROM `users`
WHERE   (
 LIKE \'%2%\' ESCAPE \'!\'
OR  `id` LIKE \'%2%\' ESCAPE \'!\'
OR  `nama` LIKE \'%2%\' ESCAPE \'!\'
OR  `username` LIKE \'%2%\' ESCAPE \'!\'
 )')
 4 SYSTEMPATH\Database\BaseBuilder.php(1733): CodeIgniter\Database\BaseConnection->query('SELECT COUNT(*) AS `numrows`
FROM `users`
WHERE   (
 LIKE :: ESCAPE \'!\'
OR  `id` LIKE :id: ESCAPE \'!\'
OR  `nama` LIKE :nama: ESCAPE \'!\'
OR  `username` LIKE :username: ESCAPE \'!\'
 )', [...], false)
 5 APPPATH\ThirdParty\codeigniter4-datatables\src\DataTableQuery.php(67): CodeIgniter\Database\BaseBuilder->countAllResults()
 6 APPPATH\ThirdParty\codeigniter4-datatables\src\DataTable.php(186): Hermawan\DataTables\DataTableQuery->countFiltered()
 7 APPPATH\Controllers\Dashboard.php(30): Hermawan\DataTables\DataTable->toJson(true)
 8 SYSTEMPATH\CodeIgniter.php(933): App\Controllers\Dashboard->getDatatable()
 9 SYSTEMPATH\CodeIgniter.php(507): CodeIgniter\CodeIgniter->runController(Object(App\Controllers\Dashboard))
10 SYSTEMPATH\CodeIgniter.php(354): CodeIgniter\CodeIgniter->handleRequest(null, Object(Config\Cache), false)
11 SYSTEMPATH\Boot.php(334): CodeIgniter\CodeIgniter->run()
12 SYSTEMPATH\Boot.php(67): CodeIgniter\Boot::runCodeIgniter(Object(CodeIgniter\CodeIgniter))
13 FCPATH\index.php(56): CodeIgniter\Boot::bootWeb(Object(Config\Paths))
14 SYSTEMPATH\rewrite.php(44): require_once('C:\\xampp\\htdocs\\myWeb\\public\\index.php')
ERROR - 2025-05-26 05:14:37 --> mysqli_sql_exception: You have an error in your SQL syntax; check the manual that corresponds to your MariaDB server version for the right syntax to use near 'LIKE '%3%' ESCAPE '!'
OR  `id` LIKE '%3%' ESCAPE '!'
OR  `nama` LIKE '%3%' ES...' at line 4 in C:\xampp\htdocs\myWeb\system\Database\MySQLi\Connection.php:327
Stack trace:
#0 C:\xampp\htdocs\myWeb\system\Database\MySQLi\Connection.php(327): mysqli->query('SELECT COUNT(*)...', 0)
#1 C:\xampp\htdocs\myWeb\system\Database\BaseConnection.php(738): CodeIgniter\Database\MySQLi\Connection->execute('SELECT COUNT(*)...')
#2 C:\xampp\htdocs\myWeb\system\Database\BaseConnection.php(652): CodeIgniter\Database\BaseConnection->simpleQuery('SELECT COUNT(*)...')
#3 C:\xampp\htdocs\myWeb\system\Database\BaseBuilder.php(1733): CodeIgniter\Database\BaseConnection->query('SELECT COUNT(*)...', Array, false)
#4 C:\xampp\htdocs\myWeb\app\ThirdParty\codeigniter4-datatables\src\DataTableQuery.php(67): CodeIgniter\Database\BaseBuilder->countAllResults()
#5 C:\xampp\htdocs\myWeb\app\ThirdParty\codeigniter4-datatables\src\DataTable.php(186): Hermawan\DataTables\DataTableQuery->countFiltered()
#6 C:\xampp\htdocs\myWeb\app\Controllers\Dashboard.php(30): Hermawan\DataTables\DataTable->toJson(true)
#7 C:\xampp\htdocs\myWeb\system\CodeIgniter.php(933): App\Controllers\Dashboard->getDatatable()
#8 C:\xampp\htdocs\myWeb\system\CodeIgniter.php(507): CodeIgniter\CodeIgniter->runController(Object(App\Controllers\Dashboard))
#9 C:\xampp\htdocs\myWeb\system\CodeIgniter.php(354): CodeIgniter\CodeIgniter->handleRequest(NULL, Object(Config\Cache), false)
#10 C:\xampp\htdocs\myWeb\system\Boot.php(334): CodeIgniter\CodeIgniter->run()
#11 C:\xampp\htdocs\myWeb\system\Boot.php(67): CodeIgniter\Boot::runCodeIgniter(Object(CodeIgniter\CodeIgniter))
#12 C:\xampp\htdocs\myWeb\public\index.php(56): CodeIgniter\Boot::bootWeb(Object(Config\Paths))
#13 C:\xampp\htdocs\myWeb\system\rewrite.php(44): require_once('C:\\xampp\\htdocs...')
#14 {main}
CRITICAL - 2025-05-26 05:14:37 --> CodeIgniter\Database\Exceptions\DatabaseException: You have an error in your SQL syntax; check the manual that corresponds to your MariaDB server version for the right syntax to use near 'LIKE '%3%' ESCAPE '!'
OR  `id` LIKE '%3%' ESCAPE '!'
OR  `nama` LIKE '%3%' ES...' at line 4
[Method: GET, Route: dashboard/datatable]
in SYSTEMPATH\Database\BaseConnection.php on line 692.
 1 SYSTEMPATH\Database\BaseBuilder.php(1733): CodeIgniter\Database\BaseConnection->query('SELECT COUNT(*) AS `numrows`
FROM `users`
WHERE   (
 LIKE :: ESCAPE \'!\'
OR  `id` LIKE :id: ESCAPE \'!\'
OR  `nama` LIKE :nama: ESCAPE \'!\'
OR  `username` LIKE :username: ESCAPE \'!\'
 )', [...], false)
 2 APPPATH\ThirdParty\codeigniter4-datatables\src\DataTableQuery.php(67): CodeIgniter\Database\BaseBuilder->countAllResults()
 3 APPPATH\ThirdParty\codeigniter4-datatables\src\DataTable.php(186): Hermawan\DataTables\DataTableQuery->countFiltered()
 4 APPPATH\Controllers\Dashboard.php(30): Hermawan\DataTables\DataTable->toJson(true)
 5 SYSTEMPATH\CodeIgniter.php(933): App\Controllers\Dashboard->getDatatable()
 6 SYSTEMPATH\CodeIgniter.php(507): CodeIgniter\CodeIgniter->runController(Object(App\Controllers\Dashboard))
 7 SYSTEMPATH\CodeIgniter.php(354): CodeIgniter\CodeIgniter->handleRequest(null, Object(Config\Cache), false)
 8 SYSTEMPATH\Boot.php(334): CodeIgniter\CodeIgniter->run()
 9 SYSTEMPATH\Boot.php(67): CodeIgniter\Boot::runCodeIgniter(Object(CodeIgniter\CodeIgniter))
10 FCPATH\index.php(56): CodeIgniter\Boot::bootWeb(Object(Config\Paths))
11 SYSTEMPATH\rewrite.php(44): require_once('C:\\xampp\\htdocs\\myWeb\\public\\index.php')
CRITICAL - 2025-05-26 05:14:37 --> [Caused by] CodeIgniter\Database\Exceptions\DatabaseException: You have an error in your SQL syntax; check the manual that corresponds to your MariaDB server version for the right syntax to use near 'LIKE '%3%' ESCAPE '!'
OR  `id` LIKE '%3%' ESCAPE '!'
OR  `nama` LIKE '%3%' ES...' at line 4
in SYSTEMPATH\Database\MySQLi\Connection.php on line 332.
 1 SYSTEMPATH\Database\BaseConnection.php(738): CodeIgniter\Database\MySQLi\Connection->execute('SELECT COUNT(*) AS `numrows`
FROM `users`
WHERE   (
 LIKE \'%3%\' ESCAPE \'!\'
OR  `id` LIKE \'%3%\' ESCAPE \'!\'
OR  `nama` LIKE \'%3%\' ESCAPE \'!\'
OR  `username` LIKE \'%3%\' ESCAPE \'!\'
 )')
 2 SYSTEMPATH\Database\BaseConnection.php(652): CodeIgniter\Database\BaseConnection->simpleQuery('SELECT COUNT(*) AS `numrows`
FROM `users`
WHERE   (
 LIKE \'%3%\' ESCAPE \'!\'
OR  `id` LIKE \'%3%\' ESCAPE \'!\'
OR  `nama` LIKE \'%3%\' ESCAPE \'!\'
OR  `username` LIKE \'%3%\' ESCAPE \'!\'
 )')
 3 SYSTEMPATH\Database\BaseBuilder.php(1733): CodeIgniter\Database\BaseConnection->query('SELECT COUNT(*) AS `numrows`
FROM `users`
WHERE   (
 LIKE :: ESCAPE \'!\'
OR  `id` LIKE :id: ESCAPE \'!\'
OR  `nama` LIKE :nama: ESCAPE \'!\'
OR  `username` LIKE :username: ESCAPE \'!\'
 )', [...], false)
 4 APPPATH\ThirdParty\codeigniter4-datatables\src\DataTableQuery.php(67): CodeIgniter\Database\BaseBuilder->countAllResults()
 5 APPPATH\ThirdParty\codeigniter4-datatables\src\DataTable.php(186): Hermawan\DataTables\DataTableQuery->countFiltered()
 6 APPPATH\Controllers\Dashboard.php(30): Hermawan\DataTables\DataTable->toJson(true)
 7 SYSTEMPATH\CodeIgniter.php(933): App\Controllers\Dashboard->getDatatable()
 8 SYSTEMPATH\CodeIgniter.php(507): CodeIgniter\CodeIgniter->runController(Object(App\Controllers\Dashboard))
 9 SYSTEMPATH\CodeIgniter.php(354): CodeIgniter\CodeIgniter->handleRequest(null, Object(Config\Cache), false)
10 SYSTEMPATH\Boot.php(334): CodeIgniter\CodeIgniter->run()
11 SYSTEMPATH\Boot.php(67): CodeIgniter\Boot::runCodeIgniter(Object(CodeIgniter\CodeIgniter))
12 FCPATH\index.php(56): CodeIgniter\Boot::bootWeb(Object(Config\Paths))
13 SYSTEMPATH\rewrite.php(44): require_once('C:\\xampp\\htdocs\\myWeb\\public\\index.php')
CRITICAL - 2025-05-26 05:14:37 --> [Caused by] mysqli_sql_exception: You have an error in your SQL syntax; check the manual that corresponds to your MariaDB server version for the right syntax to use near 'LIKE '%3%' ESCAPE '!'
OR  `id` LIKE '%3%' ESCAPE '!'
OR  `nama` LIKE '%3%' ES...' at line 4
in SYSTEMPATH\Database\MySQLi\Connection.php on line 327.
 1 SYSTEMPATH\Database\MySQLi\Connection.php(327): mysqli->query('SELECT COUNT(*) AS `numrows`
FROM `users`
WHERE   (
 LIKE \'%3%\' ESCAPE \'!\'
OR  `id` LIKE \'%3%\' ESCAPE \'!\'
OR  `nama` LIKE \'%3%\' ESCAPE \'!\'
OR  `username` LIKE \'%3%\' ESCAPE \'!\'
 )', 0)
 2 SYSTEMPATH\Database\BaseConnection.php(738): CodeIgniter\Database\MySQLi\Connection->execute('SELECT COUNT(*) AS `numrows`
FROM `users`
WHERE   (
 LIKE \'%3%\' ESCAPE \'!\'
OR  `id` LIKE \'%3%\' ESCAPE \'!\'
OR  `nama` LIKE \'%3%\' ESCAPE \'!\'
OR  `username` LIKE \'%3%\' ESCAPE \'!\'
 )')
 3 SYSTEMPATH\Database\BaseConnection.php(652): CodeIgniter\Database\BaseConnection->simpleQuery('SELECT COUNT(*) AS `numrows`
FROM `users`
WHERE   (
 LIKE \'%3%\' ESCAPE \'!\'
OR  `id` LIKE \'%3%\' ESCAPE \'!\'
OR  `nama` LIKE \'%3%\' ESCAPE \'!\'
OR  `username` LIKE \'%3%\' ESCAPE \'!\'
 )')
 4 SYSTEMPATH\Database\BaseBuilder.php(1733): CodeIgniter\Database\BaseConnection->query('SELECT COUNT(*) AS `numrows`
FROM `users`
WHERE   (
 LIKE :: ESCAPE \'!\'
OR  `id` LIKE :id: ESCAPE \'!\'
OR  `nama` LIKE :nama: ESCAPE \'!\'
OR  `username` LIKE :username: ESCAPE \'!\'
 )', [...], false)
 5 APPPATH\ThirdParty\codeigniter4-datatables\src\DataTableQuery.php(67): CodeIgniter\Database\BaseBuilder->countAllResults()
 6 APPPATH\ThirdParty\codeigniter4-datatables\src\DataTable.php(186): Hermawan\DataTables\DataTableQuery->countFiltered()
 7 APPPATH\Controllers\Dashboard.php(30): Hermawan\DataTables\DataTable->toJson(true)
 8 SYSTEMPATH\CodeIgniter.php(933): App\Controllers\Dashboard->getDatatable()
 9 SYSTEMPATH\CodeIgniter.php(507): CodeIgniter\CodeIgniter->runController(Object(App\Controllers\Dashboard))
10 SYSTEMPATH\CodeIgniter.php(354): CodeIgniter\CodeIgniter->handleRequest(null, Object(Config\Cache), false)
11 SYSTEMPATH\Boot.php(334): CodeIgniter\CodeIgniter->run()
12 SYSTEMPATH\Boot.php(67): CodeIgniter\Boot::runCodeIgniter(Object(CodeIgniter\CodeIgniter))
13 FCPATH\index.php(56): CodeIgniter\Boot::bootWeb(Object(Config\Paths))
14 SYSTEMPATH\rewrite.php(44): require_once('C:\\xampp\\htdocs\\myWeb\\public\\index.php')
CRITICAL - 2025-05-26 10:17:06 --> ErrorException: Undefined variable $actbtn
[Method: GET, Route: dashboard/account_setting]
in APPPATH\Views\layouts\dashboard\Account_setting-dashboard.php on line 59.
 1 APPPATH\Views\layouts\dashboard\Account_setting-dashboard.php(59): CodeIgniter\Debug\Exceptions->errorHandler(2, 'Undefined variable $actbtn', 'C:\\xampp\\htdocs\\myWeb\\app\\Views\\layouts\\dashboard\\Account_setting-dashboard.php', 59)
 2 SYSTEMPATH\View\View.php(224): include('C:\\xampp\\htdocs\\myWeb\\app\\Views\\layouts\\dashboard\\Account_setting-dashboard.php')
 3 SYSTEMPATH\View\View.php(227): CodeIgniter\View\View->{closure:CodeIgniter\View\View::render():221}()
 4 SYSTEMPATH\Common.php(1173): CodeIgniter\View\View->render('layouts/dashboard/account_setting-dashboard', [], true)
 5 APPPATH\Controllers\Dashboard.php(24): view('layouts/dashboard/account_setting-dashboard')
 6 SYSTEMPATH\CodeIgniter.php(933): App\Controllers\Dashboard->getAccount_setting()
 7 SYSTEMPATH\CodeIgniter.php(507): CodeIgniter\CodeIgniter->runController(Object(App\Controllers\Dashboard))
 8 SYSTEMPATH\CodeIgniter.php(354): CodeIgniter\CodeIgniter->handleRequest(null, Object(Config\Cache), false)
 9 SYSTEMPATH\Boot.php(334): CodeIgniter\CodeIgniter->run()
10 SYSTEMPATH\Boot.php(67): CodeIgniter\Boot::runCodeIgniter(Object(CodeIgniter\CodeIgniter))
11 FCPATH\index.php(56): CodeIgniter\Boot::bootWeb(Object(Config\Paths))
12 SYSTEMPATH\rewrite.php(44): require_once('C:\\xampp\\htdocs\\myWeb\\public\\index.php')
ERROR - 2025-05-26 11:13:26 --> mysqli_sql_exception: Unknown column 'name' in 'field list' in C:\xampp\htdocs\myWeb\system\Database\MySQLi\Connection.php:327
Stack trace:
#0 C:\xampp\htdocs\myWeb\system\Database\MySQLi\Connection.php(327): mysqli->query('UPDATE `users` ...', 0)
#1 C:\xampp\htdocs\myWeb\system\Database\BaseConnection.php(738): CodeIgniter\Database\MySQLi\Connection->execute('UPDATE `users` ...')
#2 C:\xampp\htdocs\myWeb\system\Database\BaseConnection.php(652): CodeIgniter\Database\BaseConnection->simpleQuery('UPDATE `users` ...')
#3 C:\xampp\htdocs\myWeb\system\Database\BaseBuilder.php(2521): CodeIgniter\Database\BaseConnection->query('UPDATE `users` ...', Array, false)
#4 C:\xampp\htdocs\myWeb\system\Model.php(461): CodeIgniter\Database\BaseBuilder->update()
#5 C:\xampp\htdocs\myWeb\system\BaseModel.php(1027): CodeIgniter\Model->doUpdate(Array, Array)
#6 C:\xampp\htdocs\myWeb\system\Model.php(863): CodeIgniter\BaseModel->update(Array, Array)
#7 C:\xampp\htdocs\myWeb\app\Controllers\Dashboard.php(71): CodeIgniter\Model->update('12', Array)
#8 C:\xampp\htdocs\myWeb\system\CodeIgniter.php(933): App\Controllers\Dashboard->postUpdate('12')
#9 C:\xampp\htdocs\myWeb\system\CodeIgniter.php(507): CodeIgniter\CodeIgniter->runController(Object(App\Controllers\Dashboard))
#10 C:\xampp\htdocs\myWeb\system\CodeIgniter.php(354): CodeIgniter\CodeIgniter->handleRequest(NULL, Object(Config\Cache), false)
#11 C:\xampp\htdocs\myWeb\system\Boot.php(334): CodeIgniter\CodeIgniter->run()
#12 C:\xampp\htdocs\myWeb\system\Boot.php(67): CodeIgniter\Boot::runCodeIgniter(Object(CodeIgniter\CodeIgniter))
#13 C:\xampp\htdocs\myWeb\public\index.php(56): CodeIgniter\Boot::bootWeb(Object(Config\Paths))
#14 C:\xampp\htdocs\myWeb\system\rewrite.php(44): require_once('C:\\xampp\\htdocs...')
#15 {main}
CRITICAL - 2025-05-26 11:13:26 --> CodeIgniter\Database\Exceptions\DatabaseException: Unknown column 'name' in 'field list'
[Method: POST, Route: dashboard/update/12]
in SYSTEMPATH\Database\BaseConnection.php on line 692.
 1 SYSTEMPATH\Database\BaseBuilder.php(2521): CodeIgniter\Database\BaseConnection->query('UPDATE `users` SET `name` = :name:, `username` = :username:
WHERE `users`.`id` IN :users.id:', [...], false)
 2 SYSTEMPATH\Model.php(461): CodeIgniter\Database\BaseBuilder->update()
 3 SYSTEMPATH\BaseModel.php(1027): CodeIgniter\Model->doUpdate([...], [...])
 4 SYSTEMPATH\Model.php(863): CodeIgniter\BaseModel->update([...], [...])
 5 APPPATH\Controllers\Dashboard.php(71): CodeIgniter\Model->update('12', [...])
 6 SYSTEMPATH\CodeIgniter.php(933): App\Controllers\Dashboard->postUpdate('12')
 7 SYSTEMPATH\CodeIgniter.php(507): CodeIgniter\CodeIgniter->runController(Object(App\Controllers\Dashboard))
 8 SYSTEMPATH\CodeIgniter.php(354): CodeIgniter\CodeIgniter->handleRequest(null, Object(Config\Cache), false)
 9 SYSTEMPATH\Boot.php(334): CodeIgniter\CodeIgniter->run()
10 SYSTEMPATH\Boot.php(67): CodeIgniter\Boot::runCodeIgniter(Object(CodeIgniter\CodeIgniter))
11 FCPATH\index.php(56): CodeIgniter\Boot::bootWeb(Object(Config\Paths))
12 SYSTEMPATH\rewrite.php(44): require_once('C:\\xampp\\htdocs\\myWeb\\public\\index.php')
CRITICAL - 2025-05-26 11:13:26 --> [Caused by] CodeIgniter\Database\Exceptions\DatabaseException: Unknown column 'name' in 'field list'
in SYSTEMPATH\Database\MySQLi\Connection.php on line 332.
 1 SYSTEMPATH\Database\BaseConnection.php(738): CodeIgniter\Database\MySQLi\Connection->execute('UPDATE `users` SET `name` = \'ini atmins\', `username` = \'admin\'
WHERE `users`.`id` IN (\'12\')')
 2 SYSTEMPATH\Database\BaseConnection.php(652): CodeIgniter\Database\BaseConnection->simpleQuery('UPDATE `users` SET `name` = \'ini atmins\', `username` = \'admin\'
WHERE `users`.`id` IN (\'12\')')
 3 SYSTEMPATH\Database\BaseBuilder.php(2521): CodeIgniter\Database\BaseConnection->query('UPDATE `users` SET `name` = :name:, `username` = :username:
WHERE `users`.`id` IN :users.id:', [...], false)
 4 SYSTEMPATH\Model.php(461): CodeIgniter\Database\BaseBuilder->update()
 5 SYSTEMPATH\BaseModel.php(1027): CodeIgniter\Model->doUpdate([...], [...])
 6 SYSTEMPATH\Model.php(863): CodeIgniter\BaseModel->update([...], [...])
 7 APPPATH\Controllers\Dashboard.php(71): CodeIgniter\Model->update('12', [...])
 8 SYSTEMPATH\CodeIgniter.php(933): App\Controllers\Dashboard->postUpdate('12')
 9 SYSTEMPATH\CodeIgniter.php(507): CodeIgniter\CodeIgniter->runController(Object(App\Controllers\Dashboard))
10 SYSTEMPATH\CodeIgniter.php(354): CodeIgniter\CodeIgniter->handleRequest(null, Object(Config\Cache), false)
11 SYSTEMPATH\Boot.php(334): CodeIgniter\CodeIgniter->run()
12 SYSTEMPATH\Boot.php(67): CodeIgniter\Boot::runCodeIgniter(Object(CodeIgniter\CodeIgniter))
13 FCPATH\index.php(56): CodeIgniter\Boot::bootWeb(Object(Config\Paths))
14 SYSTEMPATH\rewrite.php(44): require_once('C:\\xampp\\htdocs\\myWeb\\public\\index.php')
CRITICAL - 2025-05-26 11:13:26 --> [Caused by] mysqli_sql_exception: Unknown column 'name' in 'field list'
in SYSTEMPATH\Database\MySQLi\Connection.php on line 327.
 1 SYSTEMPATH\Database\MySQLi\Connection.php(327): mysqli->query('UPDATE `users` SET `name` = \'ini atmins\', `username` = \'admin\'
WHERE `users`.`id` IN (\'12\')', 0)
 2 SYSTEMPATH\Database\BaseConnection.php(738): CodeIgniter\Database\MySQLi\Connection->execute('UPDATE `users` SET `name` = \'ini atmins\', `username` = \'admin\'
WHERE `users`.`id` IN (\'12\')')
 3 SYSTEMPATH\Database\BaseConnection.php(652): CodeIgniter\Database\BaseConnection->simpleQuery('UPDATE `users` SET `name` = \'ini atmins\', `username` = \'admin\'
WHERE `users`.`id` IN (\'12\')')
 4 SYSTEMPATH\Database\BaseBuilder.php(2521): CodeIgniter\Database\BaseConnection->query('UPDATE `users` SET `name` = :name:, `username` = :username:
WHERE `users`.`id` IN :users.id:', [...], false)
 5 SYSTEMPATH\Model.php(461): CodeIgniter\Database\BaseBuilder->update()
 6 SYSTEMPATH\BaseModel.php(1027): CodeIgniter\Model->doUpdate([...], [...])
 7 SYSTEMPATH\Model.php(863): CodeIgniter\BaseModel->update([...], [...])
 8 APPPATH\Controllers\Dashboard.php(71): CodeIgniter\Model->update('12', [...])
 9 SYSTEMPATH\CodeIgniter.php(933): App\Controllers\Dashboard->postUpdate('12')
10 SYSTEMPATH\CodeIgniter.php(507): CodeIgniter\CodeIgniter->runController(Object(App\Controllers\Dashboard))
11 SYSTEMPATH\CodeIgniter.php(354): CodeIgniter\CodeIgniter->handleRequest(null, Object(Config\Cache), false)
12 SYSTEMPATH\Boot.php(334): CodeIgniter\CodeIgniter->run()
13 SYSTEMPATH\Boot.php(67): CodeIgniter\Boot::runCodeIgniter(Object(CodeIgniter\CodeIgniter))
14 FCPATH\index.php(56): CodeIgniter\Boot::bootWeb(Object(Config\Paths))
15 SYSTEMPATH\rewrite.php(44): require_once('C:\\xampp\\htdocs\\myWeb\\public\\index.php')
CRITICAL - 2025-05-26 12:58:30 --> CodeIgniter\View\Exceptions\ViewException: Invalid file: "layouts/dashboard/template-dashboard.php"
[Method: GET, Route: dashboard]
in SYSTEMPATH\Exceptions\FrameworkException.php on line 39.
 1 SYSTEMPATH\View\View.php(212): CodeIgniter\Exceptions\FrameworkException::forInvalidFile('layouts/dashboard/template-dashboard.php')
 2 SYSTEMPATH\View\View.php(240): CodeIgniter\View\View->render('layouts/dashboard/template-dashboard', [], true)
 3 SYSTEMPATH\Common.php(1173): CodeIgniter\View\View->render('dashboard/pages/welcome-dashboard', [], true)
 4 APPPATH\Controllers\Dashboard.php(24): view('dashboard/pages/welcome-dashboard', [...])
 5 SYSTEMPATH\CodeIgniter.php(933): App\Controllers\Dashboard->getIndex()
 6 SYSTEMPATH\CodeIgniter.php(507): CodeIgniter\CodeIgniter->runController(Object(App\Controllers\Dashboard))
 7 SYSTEMPATH\CodeIgniter.php(354): CodeIgniter\CodeIgniter->handleRequest(null, Object(Config\Cache), false)
 8 SYSTEMPATH\Boot.php(334): CodeIgniter\CodeIgniter->run()
 9 SYSTEMPATH\Boot.php(67): CodeIgniter\Boot::runCodeIgniter(Object(CodeIgniter\CodeIgniter))
10 FCPATH\index.php(56): CodeIgniter\Boot::bootWeb(Object(Config\Paths))
11 SYSTEMPATH\rewrite.php(44): require_once('C:\\xampp\\htdocs\\myWeb\\public\\index.php')
CRITICAL - 2025-05-26 12:59:42 --> CodeIgniter\View\Exceptions\ViewException: Invalid file: "layouts/dashboard/template-dashboard.php"
[Method: GET, Route: dashboard]
in SYSTEMPATH\Exceptions\FrameworkException.php on line 39.
 1 SYSTEMPATH\View\View.php(212): CodeIgniter\Exceptions\FrameworkException::forInvalidFile('layouts/dashboard/template-dashboard.php')
 2 SYSTEMPATH\View\View.php(240): CodeIgniter\View\View->render('layouts/dashboard/template-dashboard', [], true)
 3 SYSTEMPATH\Common.php(1173): CodeIgniter\View\View->render('dashboard/pages/welcome-dashboard', [], true)
 4 APPPATH\Controllers\Dashboard.php(24): view('dashboard/pages/welcome-dashboard', [...])
 5 SYSTEMPATH\CodeIgniter.php(933): App\Controllers\Dashboard->getIndex()
 6 SYSTEMPATH\CodeIgniter.php(507): CodeIgniter\CodeIgniter->runController(Object(App\Controllers\Dashboard))
 7 SYSTEMPATH\CodeIgniter.php(354): CodeIgniter\CodeIgniter->handleRequest(null, Object(Config\Cache), false)
 8 SYSTEMPATH\Boot.php(334): CodeIgniter\CodeIgniter->run()
 9 SYSTEMPATH\Boot.php(67): CodeIgniter\Boot::runCodeIgniter(Object(CodeIgniter\CodeIgniter))
10 FCPATH\index.php(56): CodeIgniter\Boot::bootWeb(Object(Config\Paths))
11 SYSTEMPATH\rewrite.php(44): require_once('C:\\xampp\\htdocs\\myWeb\\public\\index.php')
CRITICAL - 2025-05-26 13:01:38 --> CodeIgniter\View\Exceptions\ViewException: Invalid file: "layouts/dashboard/template-dashboard.php"
[Method: GET, Route: dashboard]
in SYSTEMPATH\Exceptions\FrameworkException.php on line 39.
 1 SYSTEMPATH\View\View.php(212): CodeIgniter\Exceptions\FrameworkException::forInvalidFile('layouts/dashboard/template-dashboard.php')
 2 SYSTEMPATH\View\View.php(240): CodeIgniter\View\View->render('layouts/dashboard/template-dashboard', [], true)
 3 SYSTEMPATH\Common.php(1173): CodeIgniter\View\View->render('dashboard/pages/welcome-dashboard', [], true)
 4 APPPATH\Controllers\Dashboard.php(24): view('dashboard/pages/welcome-dashboard', [...])
 5 SYSTEMPATH\CodeIgniter.php(933): App\Controllers\Dashboard->getIndex()
 6 SYSTEMPATH\CodeIgniter.php(507): CodeIgniter\CodeIgniter->runController(Object(App\Controllers\Dashboard))
 7 SYSTEMPATH\CodeIgniter.php(354): CodeIgniter\CodeIgniter->handleRequest(null, Object(Config\Cache), false)
 8 SYSTEMPATH\Boot.php(334): CodeIgniter\CodeIgniter->run()
 9 SYSTEMPATH\Boot.php(67): CodeIgniter\Boot::runCodeIgniter(Object(CodeIgniter\CodeIgniter))
10 FCPATH\index.php(56): CodeIgniter\Boot::bootWeb(Object(Config\Paths))
11 SYSTEMPATH\rewrite.php(44): require_once('C:\\xampp\\htdocs\\myWeb\\public\\index.php')
CRITICAL - 2025-05-26 13:01:49 --> CodeIgniter\View\Exceptions\ViewException: Invalid file: "layouts/dashboard/template-dashboard.php"
[Method: GET, Route: dashboard]
in SYSTEMPATH\Exceptions\FrameworkException.php on line 39.
 1 SYSTEMPATH\View\View.php(212): CodeIgniter\Exceptions\FrameworkException::forInvalidFile('layouts/dashboard/template-dashboard.php')
 2 SYSTEMPATH\View\View.php(240): CodeIgniter\View\View->render('layouts/dashboard/template-dashboard', [], true)
 3 SYSTEMPATH\Common.php(1173): CodeIgniter\View\View->render('dashboard/pages/welcome-dashboard', [], true)
 4 APPPATH\Controllers\Dashboard.php(24): view('dashboard/pages/welcome-dashboard', [...])
 5 SYSTEMPATH\CodeIgniter.php(933): App\Controllers\Dashboard->getIndex()
 6 SYSTEMPATH\CodeIgniter.php(507): CodeIgniter\CodeIgniter->runController(Object(App\Controllers\Dashboard))
 7 SYSTEMPATH\CodeIgniter.php(354): CodeIgniter\CodeIgniter->handleRequest(null, Object(Config\Cache), false)
 8 SYSTEMPATH\Boot.php(334): CodeIgniter\CodeIgniter->run()
 9 SYSTEMPATH\Boot.php(67): CodeIgniter\Boot::runCodeIgniter(Object(CodeIgniter\CodeIgniter))
10 FCPATH\index.php(56): CodeIgniter\Boot::bootWeb(Object(Config\Paths))
11 SYSTEMPATH\rewrite.php(44): require_once('C:\\xampp\\htdocs\\myWeb\\public\\index.php')
CRITICAL - 2025-05-26 13:02:24 --> CodeIgniter\View\Exceptions\ViewException: Invalid file: "layouts/dashboard/modals/modals-account.php"
[Method: GET, Route: dashboard/account_setting]
in SYSTEMPATH\Exceptions\FrameworkException.php on line 39.
 1 SYSTEMPATH\View\View.php(212): CodeIgniter\Exceptions\FrameworkException::forInvalidFile('layouts/dashboard/modals/modals-account.php')
 2 SYSTEMPATH\View\View.php(475): CodeIgniter\View\View->render('layouts/dashboard/modals/modals-account', null, true)
 3 APPPATH\Views\dashboard\Pages\Account_setting-dashboard.php(49): CodeIgniter\View\View->include('layouts/dashboard/modals/modals-account')
 4 SYSTEMPATH\View\View.php(224): include('C:\\xampp\\htdocs\\myWeb\\app\\Views\\dashboard\\Pages\\Account_setting-dashboard.php')
 5 SYSTEMPATH\View\View.php(227): CodeIgniter\View\View->{closure:CodeIgniter\View\View::render():221}()
 6 SYSTEMPATH\Common.php(1173): CodeIgniter\View\View->render('dashboard/pages/account_setting-dashboard', [], true)
 7 APPPATH\Controllers\Dashboard.php(29): view('dashboard/pages/account_setting-dashboard')
 8 SYSTEMPATH\CodeIgniter.php(933): App\Controllers\Dashboard->getAccount_setting()
 9 SYSTEMPATH\CodeIgniter.php(507): CodeIgniter\CodeIgniter->runController(Object(App\Controllers\Dashboard))
10 SYSTEMPATH\CodeIgniter.php(354): CodeIgniter\CodeIgniter->handleRequest(null, Object(Config\Cache), false)
11 SYSTEMPATH\Boot.php(334): CodeIgniter\CodeIgniter->run()
12 SYSTEMPATH\Boot.php(67): CodeIgniter\Boot::runCodeIgniter(Object(CodeIgniter\CodeIgniter))
13 FCPATH\index.php(56): CodeIgniter\Boot::bootWeb(Object(Config\Paths))
14 SYSTEMPATH\rewrite.php(44): require_once('C:\\xampp\\htdocs\\myWeb\\public\\index.php')
CRITICAL - 2025-05-26 13:06:26 --> CodeIgniter\View\Exceptions\ViewException: Invalid file: "pages/home.php"
[Method: GET, Route: pages/home]
in SYSTEMPATH\Exceptions\FrameworkException.php on line 39.
 1 SYSTEMPATH\View\View.php(212): CodeIgniter\Exceptions\FrameworkException::forInvalidFile('pages/home.php')
 2 SYSTEMPATH\Common.php(1173): CodeIgniter\View\View->render('pages/home', [], true)
 3 APPPATH\Controllers\Pages.php(14): view('pages/home', [...])
 4 SYSTEMPATH\CodeIgniter.php(933): App\Controllers\Pages->getHome()
 5 SYSTEMPATH\CodeIgniter.php(507): CodeIgniter\CodeIgniter->runController(Object(App\Controllers\Pages))
 6 SYSTEMPATH\CodeIgniter.php(354): CodeIgniter\CodeIgniter->handleRequest(null, Object(Config\Cache), false)
 7 SYSTEMPATH\Boot.php(334): CodeIgniter\CodeIgniter->run()
 8 SYSTEMPATH\Boot.php(67): CodeIgniter\Boot::runCodeIgniter(Object(CodeIgniter\CodeIgniter))
 9 FCPATH\index.php(56): CodeIgniter\Boot::bootWeb(Object(Config\Paths))
10 SYSTEMPATH\rewrite.php(44): require_once('C:\\xampp\\htdocs\\myWeb\\public\\index.php')
